2013-09-01 12:59:57.830+0000 INFO  [org.neo4j]: WARNING! You are using an unsupported Java runtime. Please use Oracle(R) Java(TM) Runtime Environment 7.
2013-09-01 12:59:57.893+0000 INFO  [org.neo4j]: --- INITIALIZED diagnostics START ---
2013-09-01 12:59:57.894+0000 INFO  [org.neo4j]: Neo4j Kernel properties:
    neostore.propertystore.db.mapped_memory=323M
    neostore.nodestore.db.mapped_memory=89M
    neostore.relationshipstore.db.mapped_memory=395M
    neostore.propertystore.db.strings.mapped_memory=274M
    store_dir=/home/v/workspace/Neo4jTest1/dbfolder
    neostore.propertystore.db.arrays.mapped_memory=311M
    ephemeral=false
2013-09-01 12:59:57.900+0000 INFO  [org.neo4j]: Diagnostics providers:
    org.neo4j.kernel.configuration.Config
    org.neo4j.kernel.info.DiagnosticsManager
    SYSTEM_MEMORY
    JAVA_MEMORY
    OPERATING_SYSTEM
    JAVA_VIRTUAL_MACHINE
    CLASSPATH
    LIBRARY_PATH
    SYSTEM_PROPERTIES
    LINUX_SCHEDULERS
    NETWORK
2013-09-01 12:59:57.901+0000 INFO  [org.neo4j]: System memory information:
    Total Physical memory: 3.90 GB
    Free Physical memory: 502.00 MB
    Committed virtual memory: 1.18 GB
    Total swap space: 4.00 GB
    Free swap space: 3.99 GB
2013-09-01 12:59:57.903+0000 INFO  [org.neo4j]: JVM memory information:
    Free  memory: 50.24 MB
    Total memory: 59.88 MB
    Max   memory: 888.94 MB
    Garbage Collector: PS Scavenge: [PS Eden Space, PS Survivor Space]
    Garbage Collector: PS MarkSweep: [PS Eden Space, PS Survivor Space, PS Old Gen, PS Perm Gen]
    Memory Pool: Code Cache (Non-heap memory): committed=2.25 MB, used=329.31 kB, max=48.00 MB, threshold=0.00 B
    Memory Pool: PS Eden Space (Heap memory): committed=15.69 MB, used=9.63 MB, max=328.19 MB, threshold=?
    Memory Pool: PS Survivor Space (Heap memory): committed=2.56 MB, used=0.00 B, max=2.56 MB, threshold=?
    Memory Pool: PS Old Gen (Heap memory): committed=41.63 MB, used=0.00 B, max=666.69 MB, threshold=0.00 B
    Memory Pool: PS Perm Gen (Non-heap memory): committed=16.00 MB, used=3.88 MB, max=64.00 MB, threshold=0.00 B
2013-09-01 12:59:57.906+0000 INFO  [org.neo4j]: Operating system information:
    Operating System: Linux; version: 3.2.0-29-generic-pae; arch: i386; cpus: 8
    Max number of file descriptors: 4096
    Number of open file descriptors: 20
    Process id: 3830@vendetta
    Byte order: LITTLE_ENDIAN
    Local timezone: Europe/Bucharest
2013-09-01 12:59:57.910+0000 INFO  [org.neo4j]: JVM information:
    VM Name: Java HotSpot(TM) Server VM
    VM Vendor: Oracle Corporation
    VM Version: 23.7-b01
    JIT compiler: HotSpot Tiered Compilers
    VM Arguments: [-Dfile.encoding=UTF-8]
2013-09-01 12:59:57.910+0000 INFO  [org.neo4j]: Java classpath:
     [classpath + loader.0] file:/home/v/.m2/repository/org/neo4j/neo4j-graph-algo/1.9.2/neo4j-graph-algo-1.9.2.jar
     [bootstrap] /home/v/Downloads/jdk1.7.0_17/jre/lib/jce.jar
     [classpath + loader.0] file:/home/v/.m2/repository/org/neo4j/neo4j-cypher/1.9.2/neo4j-cypher-1.9.2.jar
     [classpath + loader.0] file:/home/v/.m2/repository/org/scala-lang/scala-library/2.10.0/scala-library-2.10.0.jar
     [bootstrap] /home/v/Downloads/jdk1.7.0_17/jre/classes
     [bootstrap] /home/v/Downloads/jdk1.7.0_17/jre/lib/rt.jar
     [classpath + loader.0] file:/home/v/workspace/Neo4jTest1/target/classes/
     [classpath + loader.0] file:/home/v/.m2/repository/javax/javaee-api/7.0/javaee-api-7.0.jar
     [classpath + loader.0] file:/home/v/.m2/repository/org/neo4j/neo4j-kernel/1.9.2/neo4j-kernel-1.9.2.jar
     [loader.1] file:/home/v/Downloads/jdk1.7.0_17/jre/lib/ext/sunjce_provider.jar
     [bootstrap] /home/v/Downloads/jdk1.7.0_17/jre/lib/jfr.jar
     [classpath + loader.0] file:/home/v/.m2/repository/org/apache/lucene/lucene-core/3.6.2/lucene-core-3.6.2.jar
     [classpath + loader.0] file:/home/v/.m2/repository/org/neo4j/neo4j/1.9.2/neo4j-1.9.2-docs.jar
     [bootstrap] /home/v/Downloads/jdk1.7.0_17/jre/lib/jsse.jar
     [classpath + loader.0] file:/home/v/.m2/repository/org/neo4j/neo4j-jmx/1.9.2/neo4j-jmx-1.9.2.jar
     [classpath + loader.0] file:/home/v/.m2/repository/com/sun/mail/javax.mail/1.5.0/javax.mail-1.5.0.jar
     [classpath + loader.0] file:/home/v/.m2/repository/org/apache/geronimo/specs/geronimo-jta_1.1_spec/1.1.1/geronimo-jta_1.1_spec-1.1.1.jar
     [loader.1] file:/home/v/Downloads/jdk1.7.0_17/jre/lib/ext/sunec.jar
     [bootstrap] /home/v/Downloads/jdk1.7.0_17/jre/lib/charsets.jar
     [classpath + loader.0] file:/home/v/.m2/repository/org/neo4j/neo4j-lucene-index/1.9.2/neo4j-lucene-index-1.9.2.jar
     [loader.1] file:/home/v/Downloads/jdk1.7.0_17/jre/lib/ext/sunpkcs11.jar
     [classpath + loader.0] file:/home/v/.m2/repository/org/neo4j/neo4j-graph-matching/1.9.2/neo4j-graph-matching-1.9.2.jar
     [loader.1] file:/home/v/Downloads/jdk1.7.0_17/jre/lib/ext/localedata.jar
     [bootstrap] /home/v/Downloads/jdk1.7.0_17/jre/lib/sunrsasign.jar
     [loader.1] file:/home/v/Downloads/jdk1.7.0_17/jre/lib/ext/zipfs.jar
     [classpath + loader.0] file:/home/v/.m2/repository/org/neo4j/neo4j-udc/1.9.2/neo4j-udc-1.9.2.jar
     [loader.1] file:/home/v/Downloads/jdk1.7.0_17/jre/lib/ext/dnsns.jar
     [bootstrap] /home/v/Downloads/jdk1.7.0_17/jre/lib/resources.jar
     [classpath + loader.0] file:/home/v/.m2/repository/javax/activation/activation/1.1/activation-1.1.jar
     [classpath + loader.0] file:/home/v/.m2/repository/com/googlecode/concurrentlinkedhashmap/concurrentlinkedhashmap-lru/1.3.1/concurrentlinkedhashmap-lru-1.3.1.jar
2013-09-01 12:59:57.911+0000 INFO  [org.neo4j]: Library path:
    /home/v/Downloads/jdk1.7.0_17/jre/lib/i386/server
    /home/v/Downloads/jdk1.7.0_17/jre/lib/i386
    /home/v/Downloads/jdk1.7.0_17/lib/i386
    /home/v/Downloads/jdk1.7.0_17/jre/lib/i386/client
    /home/v/Downloads/jdk1.7.0_17/jre/lib/i386
    /home/v/workspace/Neo4jTest1
    /usr/java/packages/lib/i386
    /lib
    /usr/lib
2013-09-01 12:59:57.912+0000 INFO  [org.neo4j]: System.properties:
    sun.boot.library.path = /home/v/Downloads/jdk1.7.0_17/jre/lib/i386
    path.separator = :
    file.encoding.pkg = sun.io
    user.country = US
    sun.java.launcher = SUN_STANDARD
    sun.os.patch.level = unknown
    user.dir = /home/v/workspace/Neo4jTest1
    sun.jnu.encoding = UTF-8
    sun.management.compiler = HotSpot Tiered Compilers
    user.home = /home/v
    user.timezone = Europe/Bucharest
    file.encoding = UTF-8
    user.name = v
    sun.java.command = test.neo4j.us.Main
    sun.arch.data.model = 32
    user.language = en
    awt.toolkit = sun.awt.X11.XToolkit
    file.separator = /
    sun.io.unicode.encoding = UnicodeLittle
    sun.cpu.endian = little
    sun.cpu.isalist = 
2013-09-01 12:59:57.912+0000 INFO  [org.neo4j]: Linux scheduler information:
    none
    none
    none
    none
    none
    none
    none
    none
    none
    none
    none
    none
    none
    none
    none
    none
    none
    none
    none
    none
    none
    none
    none
    none
    noop deadline [cfq] 
    noop deadline [cfq] 
    noop deadline [cfq] 
2013-09-01 12:59:57.916+0000 INFO  [org.neo4j]: Network information:
    Interface eth0:
        address: fe80:0:0:0:922b:34ff:fe5c:f378%2
        address: 192.168.1.142
    Interface lo:
        address: 0:0:0:0:0:0:0:1%1
        address: 127.0.0.1
2013-09-01 12:59:57.919+0000 INFO  [org.neo4j]: --- INITIALIZED diagnostics END ---
2013-09-01 12:59:58.010+0000 INFO  [org.neo4j]: Creating new db @ /home/v/workspace/Neo4jTest1/dbfolder/neostore
2013-09-01 12:59:58.043+0000 INFO  [org.neo4j]: [/home/v/workspace/Neo4jTest1/dbfolder/neostore.nodestore.db] brickCount=0 brickSize=933228b mappedMem=93323264b (storeSize=0b)
2013-09-01 12:59:58.047+0000 INFO  [org.neo4j]: /home/v/workspace/Neo4jTest1/dbfolder/neostore.nodestore.db hit=1 miss=0 switches=0 ooe=0
2013-09-01 12:59:58.068+0000 INFO  [org.neo4j]: [/home/v/workspace/Neo4jTest1/dbfolder/neostore.relationshiptypestore.db.names] brickCount=0 brickSize=0b mappedMem=0b (storeSize=38b)
2013-09-01 12:59:58.072+0000 INFO  [org.neo4j]: [/home/v/workspace/Neo4jTest1/dbfolder/neostore.relationshiptypestore.db] brickCount=0 brickSize=0b mappedMem=0b (storeSize=0b)
2013-09-01 12:59:58.072+0000 INFO  [org.neo4j]: /home/v/workspace/Neo4jTest1/dbfolder/neostore.relationshiptypestore.db.names hit=0 miss=0 switches=0 ooe=0
2013-09-01 12:59:58.074+0000 INFO  [org.neo4j]: /home/v/workspace/Neo4jTest1/dbfolder/neostore.relationshiptypestore.db hit=0 miss=0 switches=0 ooe=0
2013-09-01 12:59:58.075+0000 INFO  [org.neo4j]: [/home/v/workspace/Neo4jTest1/dbfolder/neostore.relationshiptypestore.db.names] brickCount=0 brickSize=0b mappedMem=0b (storeSize=38b)
2013-09-01 12:59:58.076+0000 INFO  [org.neo4j]: [/home/v/workspace/Neo4jTest1/dbfolder/neostore.relationshiptypestore.db] brickCount=0 brickSize=0b mappedMem=0b (storeSize=0b)
2013-09-01 12:59:58.076+0000 INFO  [org.neo4j]: [/home/v/workspace/Neo4jTest1/dbfolder/neostore.propertystore.db.strings] brickCount=0 brickSize=287232b mappedMem=287309824b (storeSize=128b)
2013-09-01 12:59:58.077+0000 INFO  [org.neo4j]: [/home/v/workspace/Neo4jTest1/dbfolder/neostore.propertystore.db.index.keys] brickCount=0 brickSize=0b mappedMem=0b (storeSize=38b)
2013-09-01 12:59:58.078+0000 INFO  [org.neo4j]: [/home/v/workspace/Neo4jTest1/dbfolder/neostore.propertystore.db.index] brickCount=0 brickSize=0b mappedMem=0b (storeSize=0b)
2013-09-01 12:59:58.080+0000 INFO  [org.neo4j]: [/home/v/workspace/Neo4jTest1/dbfolder/neostore.propertystore.db.arrays] brickCount=0 brickSize=326016b mappedMem=326107136b (storeSize=128b)
2013-09-01 12:59:58.082+0000 INFO  [org.neo4j]: [/home/v/workspace/Neo4jTest1/dbfolder/neostore.propertystore.db] brickCount=0 brickSize=3386887b mappedMem=338690048b (storeSize=0b)
2013-09-01 12:59:58.083+0000 INFO  [org.neo4j]: [/home/v/workspace/Neo4jTest1/dbfolder/neostore.relationshipstore.db] brickCount=0 brickSize=4141863b mappedMem=414187520b (storeSize=0b)
2013-09-01 12:59:58.084+0000 INFO  [org.neo4j]: [/home/v/workspace/Neo4jTest1/dbfolder/neostore.nodestore.db] brickCount=0 brickSize=93321b mappedMem=93323264b (storeSize=9b)
2013-09-01 12:59:58.084+0000 INFO  [org.neo4j]: [/home/v/workspace/Neo4jTest1/dbfolder/neostore] brickCount=0 brickSize=0b mappedMem=0b (storeSize=0b)
2013-09-01 12:59:58.086+0000 INFO  [org.neo4j]: /home/v/workspace/Neo4jTest1/dbfolder/neostore.relationshiptypestore.db.names hit=0 miss=0 switches=0 ooe=0
2013-09-01 12:59:58.087+0000 INFO  [org.neo4j]: /home/v/workspace/Neo4jTest1/dbfolder/neostore.relationshiptypestore.db hit=0 miss=0 switches=0 ooe=0
2013-09-01 12:59:58.089+0000 INFO  [org.neo4j]: /home/v/workspace/Neo4jTest1/dbfolder/neostore.propertystore.db.strings hit=0 miss=0 switches=0 ooe=0
2013-09-01 12:59:58.090+0000 INFO  [org.neo4j]: /home/v/workspace/Neo4jTest1/dbfolder/neostore.propertystore.db.index.keys hit=0 miss=0 switches=0 ooe=0
2013-09-01 12:59:58.091+0000 INFO  [org.neo4j]: /home/v/workspace/Neo4jTest1/dbfolder/neostore.propertystore.db.index hit=0 miss=0 switches=0 ooe=0
2013-09-01 12:59:58.093+0000 INFO  [org.neo4j]: /home/v/workspace/Neo4jTest1/dbfolder/neostore.propertystore.db.arrays hit=0 miss=0 switches=0 ooe=0
2013-09-01 12:59:58.098+0000 INFO  [org.neo4j]: /home/v/workspace/Neo4jTest1/dbfolder/neostore.propertystore.db hit=0 miss=0 switches=0 ooe=0
2013-09-01 12:59:58.100+0000 INFO  [org.neo4j]: /home/v/workspace/Neo4jTest1/dbfolder/neostore.relationshipstore.db hit=0 miss=0 switches=0 ooe=0
2013-09-01 12:59:58.107+0000 INFO  [org.neo4j]: /home/v/workspace/Neo4jTest1/dbfolder/neostore.nodestore.db hit=0 miss=0 switches=0 ooe=0
2013-09-01 12:59:58.108+0000 INFO  [org.neo4j]: /home/v/workspace/Neo4jTest1/dbfolder/neostore hit=0 miss=8 switches=0 ooe=0
2013-09-01 12:59:58.111+0000 INFO  [org.neo4j]: [/home/v/workspace/Neo4jTest1/dbfolder/neostore.relationshiptypestore.db.names] brickCount=0 brickSize=0b mappedMem=0b (storeSize=38b)
2013-09-01 12:59:58.111+0000 INFO  [org.neo4j]: [/home/v/workspace/Neo4jTest1/dbfolder/neostore.relationshiptypestore.db] brickCount=0 brickSize=0b mappedMem=0b (storeSize=0b)
2013-09-01 12:59:58.112+0000 INFO  [org.neo4j]: [/home/v/workspace/Neo4jTest1/dbfolder/neostore.propertystore.db.strings] brickCount=0 brickSize=287232b mappedMem=287309824b (storeSize=128b)
2013-09-01 12:59:58.112+0000 INFO  [org.neo4j]: [/home/v/workspace/Neo4jTest1/dbfolder/neostore.propertystore.db.index.keys] brickCount=0 brickSize=0b mappedMem=0b (storeSize=38b)
2013-09-01 12:59:58.112+0000 INFO  [org.neo4j]: [/home/v/workspace/Neo4jTest1/dbfolder/neostore.propertystore.db.index] brickCount=0 brickSize=0b mappedMem=0b (storeSize=0b)
2013-09-01 12:59:58.112+0000 INFO  [org.neo4j]: [/home/v/workspace/Neo4jTest1/dbfolder/neostore.propertystore.db.arrays] brickCount=0 brickSize=326016b mappedMem=326107136b (storeSize=128b)
2013-09-01 12:59:58.113+0000 INFO  [org.neo4j]: [/home/v/workspace/Neo4jTest1/dbfolder/neostore.propertystore.db] brickCount=0 brickSize=3386887b mappedMem=338690048b (storeSize=0b)
2013-09-01 12:59:58.113+0000 INFO  [org.neo4j]: [/home/v/workspace/Neo4jTest1/dbfolder/neostore.relationshipstore.db] brickCount=0 brickSize=4141863b mappedMem=414187520b (storeSize=0b)
2013-09-01 12:59:58.113+0000 INFO  [org.neo4j]: [/home/v/workspace/Neo4jTest1/dbfolder/neostore.nodestore.db] brickCount=0 brickSize=93321b mappedMem=93323264b (storeSize=9b)
2013-09-01 12:59:58.114+0000 INFO  [org.neo4j]: [/home/v/workspace/Neo4jTest1/dbfolder/neostore] brickCount=0 brickSize=0b mappedMem=0b (storeSize=54b)
2013-09-01 12:59:58.124+0000 INFO  [org.neo4j]: Opened logical log [/home/v/workspace/Neo4jTest1/dbfolder/nioneo_logical.log.1] version=0, lastTxId=1 (clean)
2013-09-01 12:59:58.135+0000 INFO  [org.neo4j]: TM new log: tm_tx_log.1
2013-09-01 12:59:58.162+0000 INFO  [org.neo4j]: Opened logical log [/home/v/workspace/Neo4jTest1/dbfolder/index/lucene.log.1] version=0, lastTxId=1 (clean)
2013-09-01 12:59:58.167+0000 INFO  [org.neo4j]: --- STARTED diagnostics for KernelDiagnostics:Versions START ---
2013-09-01 12:59:58.167+0000 INFO  [org.neo4j]: Graph Database: org.neo4j.kernel.EmbeddedGraphDatabase StoreId[time:1378040398011, id:-8733434161062718511, store version: 13561656364791302]
2013-09-01 12:59:58.167+0000 INFO  [org.neo4j]: Kernel version: Neo4j - Graph Database Kernel 1.9.2
2013-09-01 12:59:58.167+0000 INFO  [org.neo4j]: Neo4j component versions:
2013-09-01 12:59:58.168+0000 INFO  [org.neo4j]:   Neo4j - Graph Database Kernel 1.9.2
2013-09-01 12:59:58.168+0000 INFO  [org.neo4j]: --- STARTED diagnostics for KernelDiagnostics:Versions END ---
2013-09-01 12:59:58.169+0000 INFO  [org.neo4j]: --- STARTED diagnostics for NEO_STORE_VERSIONS START ---
2013-09-01 12:59:58.169+0000 INFO  [org.neo4j]: Store versions:
    Store versions:
      NeoStore v0.A.0
      NodeStore v0.A.0
      RelationshipStore v0.A.0
      RelationshipTypeStore v0.A.0
      PropertyStore v0.A.0
      PropertyIndexStore v0.A.0
      StringPropertyStore v0.A.0
      ArrayPropertyStore v0.A.0
2013-09-01 12:59:58.170+0000 INFO  [org.neo4j]: --- STARTED diagnostics for NEO_STORE_VERSIONS END ---
2013-09-01 12:59:58.170+0000 INFO  [org.neo4j]: --- STARTED diagnostics for NEO_STORE_ID_USAGE START ---
2013-09-01 12:59:58.170+0000 INFO  [org.neo4j]: Id usage:
    Id usage:
      NodeStore: used=1 high=0
      RelationshipStore: used=0 high=-1
      RelationshipTypeStore: used=0 high=-1
      PropertyStore: used=0 high=-1
      PropertyIndexStore: used=0 high=-1
      StringPropertyStore: used=1 high=0
      ArrayPropertyStore: used=1 high=0
2013-09-01 12:59:58.170+0000 INFO  [org.neo4j]: --- STARTED diagnostics for NEO_STORE_ID_USAGE END ---
2013-09-01 12:59:58.170+0000 INFO  [org.neo4j]: --- STARTED diagnostics for PERSISTENCE_WINDOW_POOL_STATS START ---
2013-09-01 12:59:58.170+0000 INFO  [org.neo4j]: --- STARTED diagnostics for PERSISTENCE_WINDOW_POOL_STATS END ---
2013-09-01 12:59:58.170+0000 INFO  [org.neo4j]: --- STARTED diagnostics for KernelDiagnostics:StoreFiles START ---
2013-09-01 12:59:58.171+0000 INFO  [org.neo4j]: Disk space on partition (Total / Free / Free %): 321739571200 / 29989154816 / 9
Storage files: (filename : modification date - size)
      neostore.nodestore.db.id: 2013-09-01T15:59:58+0300 - 9.00 B
      neostore: 2013-09-01T15:59:58+0300 - 54.00 B
      neostore.relationshiptypestore.db.names: 2013-09-01T15:59:58+0300 - 38.00 B
      neostore.relationshiptypestore.db.id: 2013-09-01T15:59:58+0300 - 9.00 B
      messages.log: 2013-09-01T15:59:58+0300 - 15.17 kB
      neostore.propertystore.db.arrays: 2013-09-01T15:59:58+0300 - 128.00 B
      neostore.id: 2013-09-01T15:59:58+0300 - 9.00 B
      neostore.propertystore.db.strings: 2013-09-01T15:59:58+0300 - 128.00 B
      neostore.relationshipstore.db: 2013-09-01T15:59:58+0300 - 0.00 B
      neostore.propertystore.db.index.keys.id: 2013-09-01T15:59:58+0300 - 9.00 B
      neostore.relationshiptypestore.db: 2013-09-01T15:59:58+0300 - 0.00 B
      nioneo_logical.log.1: 2013-09-01T15:59:58+0300 - 16.00 B
      neostore.propertystore.db: 2013-09-01T15:59:58+0300 - 0.00 B
      tm_tx_log.1: 2013-09-01T15:59:58+0300 - 0.00 B
      neostore.propertystore.db.arrays.id: 2013-09-01T15:59:58+0300 - 9.00 B
      store_lock: 2013-09-01T15:59:58+0300 - 0.00 B
      neostore.nodestore.db: 2013-09-01T15:59:58+0300 - 9.00 B
      neostore.propertystore.db.index: 2013-09-01T15:59:58+0300 - 0.00 B
      neostore.propertystore.db.index.id: 2013-09-01T15:59:58+0300 - 9.00 B
      lock: 2013-09-01T15:59:58+0300 - 0.00 B
      active_tx_log: 2013-09-01T15:59:58+0300 - 11.00 B
      neostore.relationshipstore.db.id: 2013-09-01T15:59:58+0300 - 9.00 B
      neostore.propertystore.db.id: 2013-09-01T15:59:58+0300 - 9.00 B
      neostore.relationshiptypestore.db.names.id: 2013-09-01T15:59:58+0300 - 9.00 B
      index:
        lucene.log.active: 2013-09-01T15:59:58+0300 - 4.00 B
        lucene.log.1: 2013-09-01T15:59:58+0300 - 16.00 B
        lucene-store.db: 2013-09-01T15:59:58+0300 - 40.00 B
      - Total: 2013-09-01T15:59:58+0300 - 60.00 B
      neostore.propertystore.db.strings.id: 2013-09-01T15:59:58+0300 - 9.00 B
      nioneo_logical.log.active: 2013-09-01T15:59:58+0300 - 4.00 B
      neostore.propertystore.db.index.keys: 2013-09-01T15:59:58+0300 - 38.00 B
2013-09-01 12:59:58.175+0000 INFO  [org.neo4j]: --- STARTED diagnostics for KernelDiagnostics:StoreFiles END ---
2013-09-01 12:59:58.177+0000 INFO  [org.neo4j]: Started - database is now available
2013-09-01 12:59:58.177+0000 INFO  [org.neo4j]: GC Monitor started. 
2013-09-01 12:59:58.240+0000 INFO  [org.neo4j]: Stopping - database is now unavailable
2013-09-01 12:59:58.241+0000 INFO  [org.neo4j]: GC Monitor stopped. 
2013-09-01 12:59:58.244+0000 INFO  [org.neo4j]: Closed log /home/v/workspace/Neo4jTest1/dbfolder/index/lucene.log
2013-09-01 12:59:58.245+0000 INFO  [org.neo4j]: TM shutting down
2013-09-01 12:59:58.250+0000 INFO  [org.neo4j]: Closed log /home/v/workspace/Neo4jTest1/dbfolder/nioneo_logical.log
2013-09-01 12:59:58.250+0000 INFO  [org.neo4j]: /home/v/workspace/Neo4jTest1/dbfolder/neostore.relationshiptypestore.db.names hit=0 miss=1 switches=0 ooe=0
2013-09-01 12:59:58.251+0000 INFO  [org.neo4j]: /home/v/workspace/Neo4jTest1/dbfolder/neostore.relationshiptypestore.db hit=0 miss=1 switches=0 ooe=0
2013-09-01 12:59:58.252+0000 INFO  [org.neo4j]: /home/v/workspace/Neo4jTest1/dbfolder/neostore.propertystore.db.strings hit=0 miss=0 switches=0 ooe=0
2013-09-01 12:59:58.253+0000 INFO  [org.neo4j]: /home/v/workspace/Neo4jTest1/dbfolder/neostore.propertystore.db.index.keys hit=0 miss=1 switches=0 ooe=0
2013-09-01 12:59:58.253+0000 INFO  [org.neo4j]: /home/v/workspace/Neo4jTest1/dbfolder/neostore.propertystore.db.index hit=0 miss=1 switches=0 ooe=0
2013-09-01 12:59:58.254+0000 INFO  [org.neo4j]: /home/v/workspace/Neo4jTest1/dbfolder/neostore.propertystore.db.arrays hit=0 miss=0 switches=0 ooe=0
2013-09-01 12:59:58.255+0000 INFO  [org.neo4j]: /home/v/workspace/Neo4jTest1/dbfolder/neostore.propertystore.db hit=2 miss=0 switches=0 ooe=0
2013-09-01 12:59:58.256+0000 INFO  [org.neo4j]: /home/v/workspace/Neo4jTest1/dbfolder/neostore.relationshipstore.db hit=1 miss=0 switches=0 ooe=0
2013-09-01 12:59:58.257+0000 INFO  [org.neo4j]: /home/v/workspace/Neo4jTest1/dbfolder/neostore.nodestore.db hit=4 miss=0 switches=0 ooe=0
2013-09-01 12:59:58.257+0000 INFO  [org.neo4j]: /home/v/workspace/Neo4jTest1/dbfolder/neostore hit=0 miss=18 switches=0 ooe=0
2013-09-01 12:59:58.258+0000 INFO  [org.neo4j]: NeoStore closed
2013-09-01 12:59:58.258+0000 INFO  [org.neo4j]: --- STOPPING diagnostics START ---
2013-09-01 12:59:58.258+0000 INFO  [org.neo4j]: --- STOPPING diagnostics END ---
